Start time: 2026-03-08 14:45:05
Scene: combined_outdoor
Backend: cpu
Samples: 2048

Command: ./xenon.sh --scene combined_outdoor --samples 2048
[Scene] Sky set: zenith=(0.12,0.30,0.72) horizon=(0.60,0.73,0.88)
[Scene] Added directional light: dir=(-0.51,0.81,0.30) intensity=7.0
[Scene] Built 0 mesh BLAS + 1 prim BLAS + TLAS
[Backend] CPU tiled renderer
[Config] 800x600, 2048 spp, bounces 3-8
Progress: 10/2048 samples
Progress: 20/2048 samples
Progress: 30/2048 samples
Progress: 40/2048 samples
Progress: 50/2048 samples
Progress: 60/2048 samples
Progress: 70/2048 samples
Progress: 80/2048 samples
Progress: 90/2048 samples
Progress: 100/2048 samples
Progress: 110/2048 samples
Progress: 120/2048 samples
Progress: 130/2048 samples
Progress: 140/2048 samples
Progress: 150/2048 samples
Progress: 160/2048 samples
Progress: 170/2048 samples
Progress: 180/2048 samples
Progress: 190/2048 samples
Progress: 200/2048 samples
Progress: 210/2048 samples
Progress: 220/2048 samples
Progress: 230/2048 samples
Progress: 240/2048 samples
Progress: 250/2048 samples
Progress: 260/2048 samples
Progress: 270/2048 samples
Progress: 280/2048 samples
Progress: 290/2048 samples
Progress: 300/2048 samples
Progress: 310/2048 samples
Progress: 320/2048 samples
Progress: 330/2048 samples
Progress: 340/2048 samples
Progress: 350/2048 samples
Progress: 360/2048 samples
Progress: 370/2048 samples
Progress: 380/2048 samples
Progress: 390/2048 samples
Progress: 400/2048 samples
Progress: 410/2048 samples
Progress: 420/2048 samples
Progress: 430/2048 samples
Progress: 440/2048 samples
Progress: 450/2048 samples
Progress: 460/2048 samples
Progress: 470/2048 samples
Progress: 480/2048 samples
Progress: 490/2048 samples
Progress: 500/2048 samples
Progress: 510/2048 samples
Progress: 520/2048 samples
Progress: 530/2048 samples
Progress: 540/2048 samples
Progress: 550/2048 samples
Progress: 560/2048 samples
Progress: 570/2048 samples
Progress: 580/2048 samples
Progress: 590/2048 samples
Progress: 600/2048 samples
Progress: 610/2048 samples
Progress: 620/2048 samples
Progress: 630/2048 samples
Progress: 640/2048 samples
Progress: 650/2048 samples
Progress: 660/2048 samples
Progress: 670/2048 samples
Progress: 680/2048 samples
Progress: 690/2048 samples
Progress: 700/2048 samples
Progress: 710/2048 samples
Progress: 720/2048 samples
Progress: 730/2048 samples
Progress: 740/2048 samples
Progress: 750/2048 samples
Progress: 760/2048 samples
Progress: 770/2048 samples
Progress: 780/2048 samples
Progress: 790/2048 samples
Progress: 800/2048 samples
Progress: 810/2048 samples
Progress: 820/2048 samples
Progress: 830/2048 samples
Progress: 840/2048 samples
Progress: 850/2048 samples
Progress: 860/2048 samples
Progress: 870/2048 samples
Progress: 880/2048 samples
Progress: 890/2048 samples
Progress: 900/2048 samples
Progress: 910/2048 samples
Progress: 920/2048 samples
Progress: 930/2048 samples
Progress: 940/2048 samples
Progress: 950/2048 samples
Progress: 960/2048 samples
Progress: 970/2048 samples
Progress: 980/2048 samples
Progress: 990/2048 samples
Progress: 1000/2048 samples
Progress: 1010/2048 samples
Progress: 1020/2048 samples
Progress: 1030/2048 samples
Progress: 1040/2048 samples
Progress: 1050/2048 samples
Progress: 1060/2048 samples
Progress: 1070/2048 samples
Progress: 1080/2048 samples
Progress: 1090/2048 samples
Progress: 1100/2048 samples
Progress: 1110/2048 samples
Progress: 1120/2048 samples
Progress: 1130/2048 samples
Progress: 1140/2048 samples
Progress: 1150/2048 samples
Progress: 1160/2048 samples
Progress: 1170/2048 samples
Progress: 1180/2048 samples
Progress: 1190/2048 samples
Progress: 1200/2048 samples
Progress: 1210/2048 samples
Progress: 1220/2048 samples
Progress: 1230/2048 samples
Progress: 1240/2048 samples
Progress: 1250/2048 samples
Progress: 1260/2048 samples
Progress: 1270/2048 samples
Progress: 1280/2048 samples
Progress: 1290/2048 samples
Progress: 1300/2048 samples
Progress: 1310/2048 samples
Progress: 1320/2048 samples
Progress: 1330/2048 samples
Progress: 1340/2048 samples
Progress: 1350/2048 samples
Progress: 1360/2048 samples
Progress: 1370/2048 samples
Progress: 1380/2048 samples
Progress: 1390/2048 samples
Progress: 1400/2048 samples
Progress: 1410/2048 samples
Progress: 1420/2048 samples
Progress: 1430/2048 samples
Progress: 1440/2048 samples
Progress: 1450/2048 samples
Progress: 1460/2048 samples
Progress: 1470/2048 samples
Progress: 1480/2048 samples
Progress: 1490/2048 samples
Progress: 1500/2048 samples
Progress: 1510/2048 samples
Progress: 1520/2048 samples
Progress: 1530/2048 samples
Progress: 1540/2048 samples
Progress: 1550/2048 samples
Progress: 1560/2048 samples
Progress: 1570/2048 samples
Progress: 1580/2048 samples
Progress: 1590/2048 samples
Progress: 1600/2048 samples
Progress: 1610/2048 samples
Progress: 1620/2048 samples
Progress: 1630/2048 samples
Progress: 1640/2048 samples
Progress: 1650/2048 samples
Progress: 1660/2048 samples
Progress: 1670/2048 samples
Progress: 1680/2048 samples
Progress: 1690/2048 samples
Progress: 1700/2048 samples
Progress: 1710/2048 samples
Progress: 1720/2048 samples
Progress: 1730/2048 samples
Progress: 1740/2048 samples
Progress: 1750/2048 samples
Progress: 1760/2048 samples
Progress: 1770/2048 samples
Progress: 1780/2048 samples
Progress: 1790/2048 samples
Progress: 1800/2048 samples
Progress: 1810/2048 samples
Progress: 1820/2048 samples
Progress: 1830/2048 samples
Progress: 1840/2048 samples
Progress: 1850/2048 samples
Progress: 1860/2048 samples
Progress: 1870/2048 samples
Progress: 1880/2048 samples
Progress: 1890/2048 samples
Progress: 1900/2048 samples
Progress: 1910/2048 samples
Progress: 1920/2048 samples
Progress: 1930/2048 samples
Progress: 1940/2048 samples
Progress: 1950/2048 samples
Progress: 1960/2048 samples
Progress: 1970/2048 samples
Progress: 1980/2048 samples
Progress: 1990/2048 samples
Progress: 2000/2048 samples
Progress: 2010/2048 samples
Progress: 2020/2048 samples
Progress: 2030/2048 samples
Progress: 2040/2048 samples
meanSquaredScore = -nan
rmsScore         = -nan
meanAbsolute     = nan
medianAbsolute   = nan
p95Absolute      = nan
maxAbsolute      = 0
avgLuminance     = -nan
edgeThreshold    = 9.999999975e-07
epsilon          = 9.999999939e-09
validPixelCount  = 120
validPixelRatio  = 0.0002514647786
Saved image to renders/combined_outdoor_output.png
Total Render Time: 49465 ms

Exit code: 0
Duration (seconds): 49
End time: 2026-03-08 14:45:54
